linux - Linux 5.17.5-arch1-1 x64

2022-05-04T12:16:04.982Z [info] Listening on port 6595
2022-05-04T12:16:05.706Z [info] Currently running deemix-gui version 2022.4.28-r202.475ccfc850
2022-05-04T12:16:05.706Z [info] deemix-lib version 3.6.9
2022-05-04T12:30:33.962Z [info] Adding https://deezer.page.link/JtoJaomx4FUui4hh7 to queue
2022-05-04T12:30:40.878Z [info] Adding https://deezer.page.link/JtoJaomx4FUui4hh7 to queue
2022-05-04T12:30:41.550Z [info] [playlist_10309329982_3] Bonus Points - The Match :: Getting tags.
2022-05-04T12:30:41.551Z [info] [playlist_10309329982_3] Radio Diffusion - The Disappeared :: Getting tags.
2022-05-04T12:30:41.552Z [info] [playlist_10309329982_3] Miguel Migs - Midnight Memories :: Getting tags.
2022-05-04T12:30:42.063Z [info] [playlist_10309329982_3] Bonus Points - The Match :: Tags got.
2022-05-04T12:30:42.064Z [info] [playlist_10309329982_3] Bonus Points - The Match :: Getting download URL.
2022-05-04T12:30:42.065Z [info] [playlist_10309329982_3] Bonus Points - The Match :: Your account can't stream the track at the desired bitrate.
2022-05-04T12:30:42.066Z [info] [playlist_10309329982_3] Wandl - Untitled :: Getting tags.
2022-05-04T12:30:42.127Z [info] [playlist_10309329982_3] Radio Diffusion - The Disappeared :: Tags got.
2022-05-04T12:30:42.127Z [info] [playlist_10309329982_3] Radio Diffusion - The Disappeared :: Getting download URL.
2022-05-04T12:30:42.127Z [info] [playlist_10309329982_3] Radio Diffusion - The Disappeared :: Your account can't stream the track at the desired bitrate.
2022-05-04T12:30:42.127Z [info] [playlist_10309329982_3] spreadsheets - Terry Cloth :: Getting tags.
2022-05-04T12:30:42.135Z [info] [playlist_10309329982_3] Miguel Migs - Midnight Memories :: Tags got.
2022-05-04T12:30:42.135Z [info] [playlist_10309329982_3] Miguel Migs - Midnight Memories :: Getting download URL.
2022-05-04T12:30:42.135Z [info] [playlist_10309329982_3] Miguel Migs - Midnight Memories :: Your account can't stream the track at the desired bitrate.
2022-05-04T12:30:42.135Z [info] [playlist_10309329982_3] The White Lamp - Harmony :: Getting tags.
2022-05-04T12:30:42.557Z [info] [playlist_10309329982_3] Wandl - Untitled :: Tags got.
2022-05-04T12:30:42.557Z [info] [playlist_10309329982_3] Wandl - Untitled :: Getting download URL.
2022-05-04T12:30:42.558Z [info] [playlist_10309329982_3] Download at 14%
2022-05-04T12:30:42.558Z [info] [playlist_10309329982_3] Wandl - Untitled :: Your account can't stream the track at the desired bitrate.
2022-05-04T12:30:42.558Z [info] [playlist_10309329982_3] Fiona Fiasco - Boys Suck :: Getting tags.
2022-05-04T12:30:42.659Z [info] [playlist_10309329982_3] The White Lamp - Harmony :: Tags got.
2022-05-04T12:30:42.659Z [info] [playlist_10309329982_3] The White Lamp - Harmony :: Getting download URL.
2022-05-04T12:30:42.659Z [info] [playlist_10309329982_3] Download at 18%
2022-05-04T12:30:42.660Z [info] [playlist_10309329982_3] The White Lamp - Harmony :: Your account can't stream the track at the desired bitrate.
2022-05-04T12:30:42.660Z [info] [playlist_10309329982_3] Anushka - You My Love :: Getting tags.
2022-05-04T12:30:42.666Z [info] [playlist_10309329982_3] spreadsheets - Terry Cloth :: Tags got.
2022-05-04T12:30:42.667Z [info] [playlist_10309329982_3] spreadsheets - Terry Cloth :: Getting download URL.
2022-05-04T12:30:42.667Z [info] [playlist_10309329982_3] Download at 22%
2022-05-04T12:30:42.667Z [info] [playlist_10309329982_3] spreadsheets - Terry Cloth :: Your account can't stream the track at the desired bitrate.
2022-05-04T12:30:42.667Z [info] [playlist_10309329982_3] TOKiMONSTA - Up and Out :: Getting tags.
2022-05-04T12:30:43.034Z [info] [playlist_10309329982_3] Fiona Fiasco - Boys Suck :: Tags got.
2022-05-04T12:30:43.034Z [info] [playlist_10309329982_3] Fiona Fiasco - Boys Suck :: Getting download URL.
2022-05-04T12:30:43.034Z [info] [playlist_10309329982_3] Fiona Fiasco - Boys Suck :: Your account can't stream the track at the desired bitrate.
2022-05-04T12:30:43.035Z [info] [playlist_10309329982_3] Tibasko - Epoch Of Love :: Getting tags.
2022-05-04T12:30:43.126Z [info] [playlist_10309329982_3] TOKiMONSTA - Up and Out :: Tags got.
2022-05-04T12:30:43.127Z [info] [playlist_10309329982_3] TOKiMONSTA - Up and Out :: Getting download URL.
2022-05-04T12:30:43.127Z [info] [playlist_10309329982_3] TOKiMONSTA - Up and Out :: Your account can't stream the track at the desired bitrate.
2022-05-04T12:30:43.127Z [info] [playlist_10309329982_3] Friedrich Liechtenstein - Elevator Man Reprise :: Getting tags.
2022-05-04T12:30:43.165Z [info] [playlist_10309329982_3] Anushka - You My Love :: Tags got.
2022-05-04T12:30:43.165Z [info] [playlist_10309329982_3] Anushka - You My Love :: Getting download URL.
2022-05-04T12:30:43.275Z [info] [playlist_10309329982_3] Anushka - You My Love :: Your account can't stream the track at the desired bitrate.
2022-05-04T12:30:43.275Z [info] [playlist_10309329982_3] PRVNA - Believe (feat. KdotMelody) (Bruise Remix) :: Getting tags.
2022-05-04T12:30:43.550Z [info] [playlist_10309329982_3] Tibasko - Epoch Of Love :: Tags got.
2022-05-04T12:30:43.551Z [info] [playlist_10309329982_3] Tibasko - Epoch Of Love :: Getting download URL.
2022-05-04T12:30:43.551Z [info] [playlist_10309329982_3] Tibasko - Epoch Of Love :: Your account can't stream the track at the desired bitrate.
2022-05-04T12:30:43.551Z [info] [playlist_10309329982_3] Villem - We Had A Song :: Getting tags.
2022-05-04T12:30:43.660Z [info] [playlist_10309329982_3] Friedrich Liechtenstein - Elevator Man Reprise :: Tags got.
2022-05-04T12:30:43.660Z [info] [playlist_10309329982_3] Friedrich Liechtenstein - Elevator Man Reprise :: Getting download URL.
2022-05-04T12:30:43.661Z [info] [playlist_10309329982_3] Download at 40%
2022-05-04T12:30:43.661Z [info] [playlist_10309329982_3] Friedrich Liechtenstein - Elevator Man Reprise :: Your account can't stream the track at the desired bitrate.
2022-05-04T12:30:43.661Z [info] [playlist_10309329982_3] Adlr - Daydream :: Getting tags.
2022-05-04T12:30:43.797Z [info] [playlist_10309329982_3] PRVNA - Believe (feat. KdotMelody) (Bruise Remix) :: Tags got.
2022-05-04T12:30:43.797Z [info] [playlist_10309329982_3] PRVNA - Believe (feat. KdotMelody) (Bruise Remix) :: Getting download URL.
2022-05-04T12:30:43.798Z [info] [playlist_10309329982_3] Download at 44%
2022-05-04T12:30:43.798Z [info] [playlist_10309329982_3] PRVNA - Believe (feat. KdotMelody) (Bruise Remix) :: Your account can't stream the track at the desired bitrate.
2022-05-04T12:30:43.798Z [info] [playlist_10309329982_3] Klaus Layer - Da Master :: Getting tags.
2022-05-04T12:30:44.027Z [info] [playlist_10309329982_3] Villem - We Had A Song :: Tags got.
2022-05-04T12:30:44.027Z [info] [playlist_10309329982_3] Villem - We Had A Song :: Getting download URL.
2022-05-04T12:30:44.028Z [info] [playlist_10309329982_3] Download at 48%
2022-05-04T12:30:44.028Z [info] [playlist_10309329982_3] Villem - We Had A Song :: Your account can't stream the track at the desired bitrate.
2022-05-04T12:30:44.028Z [info] [playlist_10309329982_3] Bob Juburi - Saudade da Festa :: Getting tags.
2022-05-04T12:30:44.142Z [info] [playlist_10309329982_3] Adlr - Daydream :: Tags got.
2022-05-04T12:30:44.142Z [info] [playlist_10309329982_3] Adlr - Daydream :: Getting download URL.
2022-05-04T12:30:44.142Z [info] [playlist_10309329982_3] Adlr - Daydream :: Your account can't stream the track at the desired bitrate.
2022-05-04T12:30:44.142Z [info] [playlist_10309329982_3] p-rallel - WestBorn :: Getting tags.
2022-05-04T12:30:44.309Z [info] [playlist_10309329982_3] Klaus Layer - Da Master :: Tags got.
2022-05-04T12:30:44.309Z [info] [playlist_10309329982_3] Klaus Layer - Da Master :: Getting download URL.
2022-05-04T12:30:44.309Z [info] [playlist_10309329982_3] Klaus Layer - Da Master :: Your account can't stream the track at the desired bitrate.
2022-05-04T12:30:44.309Z [info] [playlist_10309329982_3] Dijf Sanders - Swans On Drums :: Getting tags.
2022-05-04T12:30:44.517Z [info] [playlist_10309329982_3] Bob Juburi - Saudade da Festa :: Tags got.
2022-05-04T12:30:44.517Z [info] [playlist_10309329982_3] Bob Juburi - Saudade da Festa :: Getting download URL.
2022-05-04T12:30:44.517Z [info] [playlist_10309329982_3] Bob Juburi - Saudade da Festa :: Your account can't stream the track at the desired bitrate.
2022-05-04T12:30:44.518Z [info] [playlist_10309329982_3] Florence + The Machine - You've Got The Love (Jamie xx Rework) :: Getting tags.
2022-05-04T12:30:44.620Z [info] [playlist_10309329982_3] p-rallel - WestBorn :: Tags got.
2022-05-04T12:30:44.620Z [info] [playlist_10309329982_3] p-rallel - WestBorn :: Getting download URL.
2022-05-04T12:30:44.620Z [info] [playlist_10309329982_3] Download at 62%
2022-05-04T12:30:44.621Z [info] [playlist_10309329982_3] p-rallel - WestBorn :: Your account can't stream the track at the desired bitrate.
2022-05-04T12:30:44.621Z [info] [playlist_10309329982_3] Ekcle - Jindigo :: Getting tags.
2022-05-04T12:30:44.838Z [info] [playlist_10309329982_3] Dijf Sanders - Swans On Drums :: Tags got.
2022-05-04T12:30:44.838Z [info] [playlist_10309329982_3] Dijf Sanders - Swans On Drums :: Getting download URL.
2022-05-04T12:30:44.838Z [info] [playlist_10309329982_3] Download at 66%
2022-05-04T12:30:44.838Z [info] [playlist_10309329982_3] Dijf Sanders - Swans On Drums :: Your account can't stream the track at the desired bitrate.
2022-05-04T12:30:44.839Z [info] [playlist_10309329982_3] Flamingosis - Daymaker :: Getting tags.
2022-05-04T12:30:45.047Z [info] [playlist_10309329982_3] Florence + The Machine - You've Got The Love (Jamie xx Rework) :: Tags got.
2022-05-04T12:30:45.047Z [info] [playlist_10309329982_3] Florence + The Machine - You've Got The Love (Jamie xx Rework) :: Getting download URL.
2022-05-04T12:30:45.047Z [info] [playlist_10309329982_3] Download at 70%
2022-05-04T12:30:45.047Z [info] [playlist_10309329982_3] Florence + The Machine - You've Got The Love (Jamie xx Rework) :: Your account can't stream the track at the desired bitrate.
2022-05-04T12:30:45.047Z [info] [playlist_10309329982_3] Jordy Nino - The Toast (feat. JaccJones) :: Getting tags.
2022-05-04T12:30:45.089Z [info] [playlist_10309329982_3] Ekcle - Jindigo :: Tags got.
2022-05-04T12:30:45.089Z [info] [playlist_10309329982_3] Ekcle - Jindigo :: Getting download URL.
2022-05-04T12:30:45.089Z [info] [playlist_10309329982_3] Download at 74%
2022-05-04T12:30:45.089Z [info] [playlist_10309329982_3] Ekcle - Jindigo :: Your account can't stream the track at the desired bitrate.
2022-05-04T12:30:45.089Z [info] [playlist_10309329982_3] Hugh Hardie - Siren :: Getting tags.
2022-05-04T12:30:45.335Z [info] [playlist_10309329982_3] Flamingosis - Daymaker :: Tags got.
2022-05-04T12:30:45.335Z [info] [playlist_10309329982_3] Flamingosis - Daymaker :: Getting download URL.
2022-05-04T12:30:45.335Z [info] [playlist_10309329982_3] Flamingosis - Daymaker :: Your account can't stream the track at the desired bitrate.
2022-05-04T12:30:45.335Z [info] [playlist_10309329982_3] Mangabey - Time for You & Me :: Getting tags.
2022-05-04T12:30:45.555Z [info] [playlist_10309329982_3] Jordy Nino - The Toast (feat. JaccJones) :: Tags got.
2022-05-04T12:30:45.555Z [info] [playlist_10309329982_3] Jordy Nino - The Toast (feat. JaccJones) :: Getting download URL.
2022-05-04T12:30:45.556Z [info] [playlist_10309329982_3] Jordy Nino - The Toast (feat. JaccJones) :: Your account can't stream the track at the desired bitrate.
2022-05-04T12:30:45.556Z [info] [playlist_10309329982_3] Антоха МС - 2x2=5 :: Getting tags.
2022-05-04T12:30:45.596Z [info] [playlist_10309329982_3] Hugh Hardie - Siren :: Tags got.
2022-05-04T12:30:45.596Z [info] [playlist_10309329982_3] Hugh Hardie - Siren :: Getting download URL.
2022-05-04T12:30:45.596Z [info] [playlist_10309329982_3] Hugh Hardie - Siren :: Your account can't stream the track at the desired bitrate.
2022-05-04T12:30:45.597Z [info] [playlist_10309329982_3] Robag Wruhme - Spoddy Spy :: Getting tags.
2022-05-04T12:30:50.995Z [info] [playlist_10309329982_3] Mangabey - Time for You & Me :: Tags got.
2022-05-04T12:30:50.995Z [info] [playlist_10309329982_3] Mangabey - Time for You & Me :: Getting download URL.
2022-05-04T12:30:50.995Z [info] [playlist_10309329982_3] Download at 88%
2022-05-04T12:30:50.995Z [info] [playlist_10309329982_3] Mangabey - Time for You & Me :: Your account can't stream the track at the desired bitrate.
2022-05-04T12:30:50.996Z [info] [playlist_10309329982_3] Aurora Dee Raynes - Crazy That You Love :: Getting tags.
2022-05-04T12:30:51.197Z [info] [playlist_10309329982_3] Антоха МС - 2x2=5 :: Tags got.
2022-05-04T12:30:51.197Z [info] [playlist_10309329982_3] Антоха МС - 2x2=5 :: Getting download URL.
2022-05-04T12:30:51.198Z [info] [playlist_10309329982_3] Download at 92%
2022-05-04T12:30:51.198Z [info] [playlist_10309329982_3] Антоха МС - 2x2=5 :: Your account can't stream the track at the desired bitrate.
2022-05-04T12:30:51.221Z [info] [playlist_10309329982_3] Robag Wruhme - Spoddy Spy :: Tags got.
2022-05-04T12:30:51.222Z [info] [playlist_10309329982_3] Robag Wruhme - Spoddy Spy :: Getting download URL.
2022-05-04T12:30:51.222Z [info] [playlist_10309329982_3] Download at 96%
2022-05-04T12:30:51.222Z [info] [playlist_10309329982_3] Robag Wruhme - Spoddy Spy :: Your account can't stream the track at the desired bitrate.
2022-05-04T12:30:51.553Z [info] [playlist_10309329982_3] Aurora Dee Raynes - Crazy That You Love :: Tags got.
2022-05-04T12:30:51.553Z [info] [playlist_10309329982_3] Aurora Dee Raynes - Crazy That You Love :: Getting download URL.
2022-05-04T12:30:51.678Z [info] [playlist_10309329982_3] Download at 100%
2022-05-04T12:30:51.678Z [info] [playlist_10309329982_3] Aurora Dee Raynes - Crazy That You Love :: Your account can't stream the track at the desired bitrate.
2022-05-04T12:30:51.683Z [info] [playlist_10309329982_3]
2022-05-04T12:30:51.683Z [info] [playlist_10309329982_3] Finished downloading
2022-05-04T12:30:51.684Z [info] 
2022-05-04T12:30:53.711Z [info] Adding https://deezer.page.link/rw8j4yBWZ98XpMvk8 to queue
2022-05-04T12:30:54.745Z [info] [playlist_10309322942_3] Duke Dumont - Ocean Drive (Purple Disco Machine Remix) :: Getting tags.
2022-05-04T12:30:54.746Z [info] [playlist_10309322942_3] Boys Noize - All I Want (feat. Jake Shears) (Purple Disco Machine Remix) :: Getting tags.
2022-05-04T12:30:54.746Z [info] [playlist_10309322942_3] TÂCHES - Sofia's Theme :: Getting tags.
2022-05-04T12:30:55.262Z [info] [playlist_10309322942_3] TÂCHES - Sofia's Theme :: Tags got.
2022-05-04T12:30:55.262Z [info] [playlist_10309322942_3] TÂCHES - Sofia's Theme :: Getting download URL.
2022-05-04T12:30:55.262Z [info] [playlist_10309322942_3] Download at 2%
2022-05-04T12:30:55.263Z [info] [playlist_10309322942_3] TÂCHES - Sofia's Theme :: Your account can't stream the track at the desired bitrate.
2022-05-04T12:30:55.263Z [info] [playlist_10309322942_3] Baile - Know :: Getting tags.
2022-05-04T12:30:55.270Z [info] [playlist_10309322942_3] Duke Dumont - Ocean Drive (Purple Disco Machine Remix) :: Tags got.
2022-05-04T12:30:55.270Z [info] [playlist_10309322942_3] Duke Dumont - Ocean Drive (Purple Disco Machine Remix) :: Getting download URL.
2022-05-04T12:30:55.270Z [info] [playlist_10309322942_3] Download at 4%
2022-05-04T12:30:55.271Z [info] [playlist_10309322942_3] Duke Dumont - Ocean Drive (Purple Disco Machine Remix) :: Your account can't stream the track at the desired bitrate.
2022-05-04T12:30:55.271Z [info] [playlist_10309322942_3] Ilja Alexander - I'll Wait (Tâches Remix) (Extended Edit) :: Getting tags.
2022-05-04T12:30:55.273Z [info] [playlist_10309322942_3] Boys Noize - All I Want (feat. Jake Shears) (Purple Disco Machine Remix) :: Tags got.
2022-05-04T12:30:55.273Z [info] [playlist_10309322942_3] Boys Noize - All I Want (feat. Jake Shears) (Purple Disco Machine Remix) :: Getting download URL.
2022-05-04T12:30:55.273Z [info] [playlist_10309322942_3] Download at 6%
2022-05-04T12:30:55.273Z [info] [playlist_10309322942_3] Boys Noize - All I Want (feat. Jake Shears) (Purple Disco Machine Remix) :: Your account can't stream the track at the desired bitrate.
2022-05-04T12:30:55.274Z [info] [playlist_10309322942_3] jackLNDN - A Little More Love :: Getting tags.
2022-05-04T12:30:55.783Z [info] [playlist_10309322942_3] jackLNDN - A Little More Love :: Tags got.
2022-05-04T12:30:55.783Z [info] [playlist_10309322942_3] jackLNDN - A Little More Love :: Getting download URL.
2022-05-04T12:30:55.784Z [info] [playlist_10309322942_3] Download at 8%
2022-05-04T12:30:55.784Z [info] [playlist_10309322942_3] jackLNDN - A Little More Love :: Your account can't stream the track at the desired bitrate.
2022-05-04T12:30:55.784Z [info] [playlist_10309322942_3] jackLNDN - The Feels :: Getting tags.
2022-05-04T12:30:55.791Z [info] [playlist_10309322942_3] Ilja Alexander - I'll Wait (Tâches Remix) (Extended Edit) :: Tags got.
2022-05-04T12:30:55.791Z [info] [playlist_10309322942_3] Ilja Alexander - I'll Wait (Tâches Remix) (Extended Edit) :: Getting download URL.
2022-05-04T12:30:55.792Z [info] [playlist_10309322942_3] Download at 10%
2022-05-04T12:30:55.792Z [info] [playlist_10309322942_3] Ilja Alexander - I'll Wait (Tâches Remix) (Extended Edit) :: Your account can't stream the track at the desired bitrate.
2022-05-04T12:30:55.792Z [info] [playlist_10309322942_3] Klangstof - We Are Your Receiver (Jacklndn Remix) :: Getting tags.
2022-05-04T12:30:55.794Z [info] [playlist_10309322942_3] Baile - Know :: Tags got.
2022-05-04T12:30:55.794Z [info] [playlist_10309322942_3] Baile - Know :: Getting download URL.
2022-05-04T12:30:55.794Z [info] [playlist_10309322942_3] Download at 12%
2022-05-04T12:30:55.795Z [info] [playlist_10309322942_3] Baile - Know :: Your account can't stream the track at the desired bitrate.
2022-05-04T12:30:55.795Z [info] [playlist_10309322942_3] Mindchatter - Here I Go Again :: Getting tags.
2022-05-04T12:30:56.306Z [info] [playlist_10309322942_3] jackLNDN - The Feels :: Tags got.
2022-05-04T12:30:56.306Z [info] [playlist_10309322942_3] jackLNDN - The Feels :: Getting download URL.
2022-05-04T12:30:56.306Z [info] [playlist_10309322942_3] Download at 14%
2022-05-04T12:30:56.306Z [info] [playlist_10309322942_3] jackLNDN - The Feels :: Your account can't stream the track at the desired bitrate.
2022-05-04T12:30:56.307Z [info] [playlist_10309322942_3] Bonsaye - Descartes :: Getting tags.
2022-05-04T12:30:56.309Z [info] [playlist_10309322942_3] Klangstof - We Are Your Receiver (Jacklndn Remix) :: Tags got.
2022-05-04T12:30:56.309Z [info] [playlist_10309322942_3] Klangstof - We Are Your Receiver (Jacklndn Remix) :: Getting download URL.
2022-05-04T12:30:56.310Z [info] [playlist_10309322942_3] Download at 16%
2022-05-04T12:30:56.310Z [info] [playlist_10309322942_3] Klangstof - We Are Your Receiver (Jacklndn Remix) :: Your account can't stream the track at the desired bitrate.
2022-05-04T12:30:56.310Z [info] [playlist_10309322942_3] Tiga - VSOD (Velvet Sky of Dreams) :: Getting tags.
2022-05-04T12:30:56.312Z [info] [playlist_10309322942_3] Mindchatter - Here I Go Again :: Tags got.
2022-05-04T12:30:56.312Z [info] [playlist_10309322942_3] Mindchatter - Here I Go Again :: Getting download URL.
2022-05-04T12:30:56.313Z [info] [playlist_10309322942_3] Download at 18%
2022-05-04T12:30:56.313Z [info] [playlist_10309322942_3] Mindchatter - Here I Go Again :: Your account can't stream the track at the desired bitrate.
2022-05-04T12:30:56.313Z [info] [playlist_10309322942_3] HONNE - Good Together (Punctual Remix) :: Getting tags.
2022-05-04T12:30:56.849Z [info] [playlist_10309322942_3] Bonsaye - Descartes :: Tags got.
2022-05-04T12:30:56.849Z [info] [playlist_10309322942_3] Bonsaye - Descartes :: Getting download URL.
2022-05-04T12:30:56.850Z [info] [playlist_10309322942_3] Download at 20%
2022-05-04T12:30:56.850Z [info] [playlist_10309322942_3] Bonsaye - Descartes :: Your account can't stream the track at the desired bitrate.
2022-05-04T12:30:56.850Z [info] [playlist_10309322942_3] the magician - Hippies (feat. Two Another) :: Getting tags.
2022-05-04T12:30:56.856Z [info] [playlist_10309322942_3] Tiga - VSOD (Velvet Sky of Dreams) :: Tags got.
2022-05-04T12:30:56.856Z [info] [playlist_10309322942_3] Tiga - VSOD (Velvet Sky of Dreams) :: Getting download URL.
2022-05-04T12:30:56.856Z [info] [playlist_10309322942_3] Download at 22%
2022-05-04T12:30:56.856Z [info] [playlist_10309322942_3] Tiga - VSOD (Velvet Sky of Dreams) :: Your account can't stream the track at the desired bitrate.
2022-05-04T12:30:56.856Z [info] [playlist_10309322942_3] Chez Moon - Don't Need You Anymore (James Curd Remix Edit) :: Getting tags.
2022-05-04T12:30:56.859Z [info] [playlist_10309322942_3] HONNE - Good Together (Punctual Remix) :: Tags got.
2022-05-04T12:30:56.859Z [info] [playlist_10309322942_3] HONNE - Good Together (Punctual Remix) :: Getting download URL.
2022-05-04T12:30:56.859Z [info] [playlist_10309322942_3] Download at 24%
2022-05-04T12:30:56.859Z [info] [playlist_10309322942_3] HONNE - Good Together (Punctual Remix) :: Your account can't stream the track at the desired bitrate.
2022-05-04T12:30:56.859Z [info] [playlist_10309322942_3] The Knocks - Brazilian Soul (feat. Sofi Tukker) (Gilligan Moss Remix) :: Getting tags.
2022-05-04T12:30:57.332Z [info] [playlist_10309322942_3] the magician - Hippies (feat. Two Another) :: Tags got.
2022-05-04T12:30:57.333Z [info] [playlist_10309322942_3] the magician - Hippies (feat. Two Another) :: Getting download URL.
2022-05-04T12:30:57.333Z [info] [playlist_10309322942_3] Download at 26%
2022-05-04T12:30:57.333Z [info] [playlist_10309322942_3] the magician - Hippies (feat. Two Another) :: Your account can't stream the track at the desired bitrate.
2022-05-04T12:30:57.333Z [info] [playlist_10309322942_3] Pat Lok - No One (No One) (obli Remix) :: Getting tags.
2022-05-04T12:30:57.347Z [info] [playlist_10309322942_3] Chez Moon - Don't Need You Anymore (James Curd Remix Edit) :: Tags got.
2022-05-04T12:30:57.347Z [info] [playlist_10309322942_3] Chez Moon - Don't Need You Anymore (James Curd Remix Edit) :: Getting download URL.
2022-05-04T12:30:57.347Z [info] [playlist_10309322942_3] Download at 28%
2022-05-04T12:30:57.348Z [info] [playlist_10309322942_3] Chez Moon - Don't Need You Anymore (James Curd Remix Edit) :: Your account can't stream the track at the desired bitrate.
2022-05-04T12:30:57.348Z [info] [playlist_10309322942_3] James Vincent McMorrow - I Should Go (feat. Kenny Beats) (Nic Fanciulli Remix) :: Getting tags.
2022-05-04T12:30:57.363Z [info] [playlist_10309322942_3] The Knocks - Brazilian Soul (feat. Sofi Tukker) (Gilligan Moss Remix) :: Tags got.
2022-05-04T12:30:57.363Z [info] [playlist_10309322942_3] The Knocks - Brazilian Soul (feat. Sofi Tukker) (Gilligan Moss Remix) :: Getting download URL.
2022-05-04T12:30:57.363Z [info] [playlist_10309322942_3] Download at 30%
2022-05-04T12:30:57.364Z [info] [playlist_10309322942_3] The Knocks - Brazilian Soul (feat. Sofi Tukker) (Gilligan Moss Remix) :: Your account can't stream the track at the desired bitrate.
2022-05-04T12:30:57.364Z [info] [playlist_10309322942_3] Caius - In The Sun :: Getting tags.
2022-05-04T12:30:57.846Z [info] [playlist_10309322942_3] Pat Lok - No One (No One) (obli Remix) :: Tags got.
2022-05-04T12:30:57.847Z [info] [playlist_10309322942_3] Pat Lok - No One (No One) (obli Remix) :: Getting download URL.
2022-05-04T12:30:57.847Z [info] [playlist_10309322942_3] Download at 32%
2022-05-04T12:30:57.847Z [info] [playlist_10309322942_3] Pat Lok - No One (No One) (obli Remix) :: Your account can't stream the track at the desired bitrate.
2022-05-04T12:30:57.848Z [info] [playlist_10309322942_3] TÂCHES - For You (My Love) :: Getting tags.
2022-05-04T12:30:57.851Z [info] [playlist_10309322942_3] Caius - In The Sun :: Tags got.
2022-05-04T12:30:57.851Z [info] [playlist_10309322942_3] Caius - In The Sun :: Getting download URL.
2022-05-04T12:30:57.853Z [info] [playlist_10309322942_3] Download at 34%
2022-05-04T12:30:57.853Z [info] [playlist_10309322942_3] Caius - In The Sun :: Your account can't stream the track at the desired bitrate.
2022-05-04T12:30:57.853Z [info] [playlist_10309322942_3] Hadiya George - Hot Flavor (Godmode Smash Bros Extended Remix) :: Getting tags.
2022-05-04T12:30:57.860Z [info] [playlist_10309322942_3] James Vincent McMorrow - I Should Go (feat. Kenny Beats) (Nic Fanciulli Remix) :: Tags got.
2022-05-04T12:30:57.860Z [info] [playlist_10309322942_3] James Vincent McMorrow - I Should Go (feat. Kenny Beats) (Nic Fanciulli Remix) :: Getting download URL.
2022-05-04T12:30:57.860Z [info] [playlist_10309322942_3] Download at 36%
2022-05-04T12:30:57.860Z [info] [playlist_10309322942_3] James Vincent McMorrow - I Should Go (feat. Kenny Beats) (Nic Fanciulli Remix) :: Your account can't stream the track at the desired bitrate.
2022-05-04T12:30:57.860Z [info] [playlist_10309322942_3] Barry Can’t Swim - Some Day I Will :: Getting tags.
2022-05-04T12:30:58.346Z [info] [playlist_10309322942_3] Barry Can’t Swim - Some Day I Will :: Tags got.
2022-05-04T12:30:58.347Z [info] [playlist_10309322942_3] Barry Can’t Swim - Some Day I Will :: Getting download URL.
2022-05-04T12:30:58.347Z [info] [playlist_10309322942_3] Download at 38%
2022-05-04T12:30:58.347Z [info] [playlist_10309322942_3] Barry Can’t Swim - Some Day I Will :: Your account can't stream the track at the desired bitrate.
2022-05-04T12:30:58.347Z [info] [playlist_10309322942_3] Life on Planets - Grateful :: Getting tags.
2022-05-04T12:30:58.375Z [info] [playlist_10309322942_3] Hadiya George - Hot Flavor (Godmode Smash Bros Extended Remix) :: Tags got.
2022-05-04T12:30:58.375Z [info] [playlist_10309322942_3] Hadiya George - Hot Flavor (Godmode Smash Bros Extended Remix) :: Getting download URL.
2022-05-04T12:30:58.375Z [info] [playlist_10309322942_3] Download at 40%
2022-05-04T12:30:58.375Z [info] [playlist_10309322942_3] Hadiya George - Hot Flavor (Godmode Smash Bros Extended Remix) :: Your account can't stream the track at the desired bitrate.
2022-05-04T12:30:58.376Z [info] [playlist_10309322942_3] Allen French - Nova Vida (Osmo Remix) :: Getting tags.
2022-05-04T12:30:58.402Z [info] [playlist_10309322942_3] TÂCHES - For You (My Love) :: Tags got.
2022-05-04T12:30:58.402Z [info] [playlist_10309322942_3] TÂCHES - For You (My Love) :: Getting download URL.
2022-05-04T12:30:58.402Z [info] [playlist_10309322942_3] Download at 42%
2022-05-04T12:30:58.402Z [info] [playlist_10309322942_3] TÂCHES - For You (My Love) :: Your account can't stream the track at the desired bitrate.
2022-05-04T12:30:58.402Z [info] [playlist_10309322942_3] Castelle - Woodpecker :: Getting tags.
2022-05-04T12:30:58.873Z [info] [playlist_10309322942_3] Life on Planets - Grateful :: Tags got.
2022-05-04T12:30:58.873Z [info] [playlist_10309322942_3] Life on Planets - Grateful :: Getting download URL.
2022-05-04T12:30:58.874Z [info] [playlist_10309322942_3] Download at 44%
2022-05-04T12:30:58.874Z [info] [playlist_10309322942_3] Life on Planets - Grateful :: Your account can't stream the track at the desired bitrate.
2022-05-04T12:30:58.874Z [info] [playlist_10309322942_3] Drama - Hold On (Rezident Remix) :: Getting tags.
2022-05-04T12:30:58.881Z [info] [playlist_10309322942_3] Allen French - Nova Vida (Osmo Remix) :: Tags got.
2022-05-04T12:30:58.881Z [info] [playlist_10309322942_3] Allen French - Nova Vida (Osmo Remix) :: Getting download URL.
2022-05-04T12:30:58.881Z [info] [playlist_10309322942_3] Download at 46%
2022-05-04T12:30:58.882Z [info] [playlist_10309322942_3] Allen French - Nova Vida (Osmo Remix) :: Your account can't stream the track at the desired bitrate.
2022-05-04T12:30:58.882Z [info] [playlist_10309322942_3] Steven a. Clark - Found (Amtrac Remix) :: Getting tags.
2022-05-04T12:30:58.904Z [info] [playlist_10309322942_3] Castelle - Woodpecker :: Tags got.
2022-05-04T12:30:58.904Z [info] [playlist_10309322942_3] Castelle - Woodpecker :: Getting download URL.
2022-05-04T12:30:58.904Z [info] [playlist_10309322942_3] Download at 48%
2022-05-04T12:30:58.904Z [info] [playlist_10309322942_3] Castelle - Woodpecker :: Your account can't stream the track at the desired bitrate.
2022-05-04T12:30:58.904Z [info] [playlist_10309322942_3] YesYou - Everybody's Got to Learn Sometime (Tentendo Remix) :: Getting tags.
2022-05-04T12:30:59.387Z [info] [playlist_10309322942_3] Steven a. Clark - Found (Amtrac Remix) :: Tags got.
2022-05-04T12:30:59.387Z [info] [playlist_10309322942_3] Steven a. Clark - Found (Amtrac Remix) :: Getting download URL.
2022-05-04T12:30:59.387Z [info] [playlist_10309322942_3] Steven a. Clark - Found (Amtrac Remix) :: Your account can't stream the track at the desired bitrate.
2022-05-04T12:30:59.387Z [info] [playlist_10309322942_3] Noah Slee - Radar (Ruede Hagelstein Radio Remix) :: Getting tags.
2022-05-04T12:30:59.388Z [info] [playlist_10309322942_3] Drama - Hold On (Rezident Remix) :: Tags got.
2022-05-04T12:30:59.388Z [info] [playlist_10309322942_3] Drama - Hold On (Rezident Remix) :: Getting download URL.
2022-05-04T12:30:59.388Z [info] [playlist_10309322942_3] Drama - Hold On (Rezident Remix) :: Your account can't stream the track at the desired bitrate.
2022-05-04T12:30:59.388Z [info] [playlist_10309322942_3] Chris Malinchak - Lore :: Getting tags.
2022-05-04T12:30:59.462Z [info] [playlist_10309322942_3] YesYou - Everybody's Got to Learn Sometime (Tentendo Remix) :: Tags got.
2022-05-04T12:30:59.462Z [info] [playlist_10309322942_3] YesYou - Everybody's Got to Learn Sometime (Tentendo Remix) :: Getting download URL.
2022-05-04T12:30:59.462Z [info] [playlist_10309322942_3] YesYou - Everybody's Got to Learn Sometime (Tentendo Remix) :: Your account can't stream the track at the desired bitrate.
2022-05-04T12:30:59.462Z [info] [playlist_10309322942_3] Marsh - Over and Over :: Getting tags.
2022-05-04T12:31:05.196Z [info] [playlist_10309322942_3] Noah Slee - Radar (Ruede Hagelstein Radio Remix) :: Tags got.
2022-05-04T12:31:05.196Z [info] [playlist_10309322942_3] Noah Slee - Radar (Ruede Hagelstein Radio Remix) :: Getting download URL.
2022-05-04T12:31:05.197Z [info] [playlist_10309322942_3] Noah Slee - Radar (Ruede Hagelstein Radio Remix) :: Your account can't stream the track at the desired bitrate.
2022-05-04T12:31:05.197Z [info] [playlist_10309322942_3] Re.You - Merci, Monsieur (Original Mix) :: Getting tags.
2022-05-04T12:31:05.197Z [info] [playlist_10309322942_3] Chris Malinchak - Lore :: Tags got.
2022-05-04T12:31:05.198Z [info] [playlist_10309322942_3] Chris Malinchak - Lore :: Getting download URL.
2022-05-04T12:31:05.198Z [info] [playlist_10309322942_3] Chris Malinchak - Lore :: Your account can't stream the track at the desired bitrate.
2022-05-04T12:31:05.198Z [info] [playlist_10309322942_3] TÂCHES - Show Me :: Getting tags.
2022-05-04T12:31:05.410Z [info] [playlist_10309322942_3] Marsh - Over and Over :: Tags got.
2022-05-04T12:31:05.410Z [info] [playlist_10309322942_3] Marsh - Over and Over :: Getting download URL.
2022-05-04T12:31:05.410Z [info] [playlist_10309322942_3] Marsh - Over and Over :: Your account can't stream the track at the desired bitrate.
2022-05-04T12:31:05.410Z [info] [playlist_10309322942_3] David Marston - Contortions :: Getting tags.
2022-05-04T12:31:06.023Z [info] [playlist_10309322942_3] Re.You - Merci, Monsieur (Original Mix) :: Tags got.
2022-05-04T12:31:06.023Z [info] [playlist_10309322942_3] Re.You - Merci, Monsieur (Original Mix) :: Getting download URL.
2022-05-04T12:31:06.023Z [info] [playlist_10309322942_3] Re.You - Merci, Monsieur (Original Mix) :: Your account can't stream the track at the desired bitrate.
2022-05-04T12:31:06.023Z [info] [playlist_10309322942_3] Loverground - Easy :) :: Getting tags.
2022-05-04T12:31:06.026Z [info] [playlist_10309322942_3] TÂCHES - Show Me :: Tags got.
2022-05-04T12:31:06.026Z [info] [playlist_10309322942_3] TÂCHES - Show Me :: Getting download URL.
2022-05-04T12:31:06.026Z [info] [playlist_10309322942_3] TÂCHES - Show Me :: Your account can't stream the track at the desired bitrate.
2022-05-04T12:31:06.027Z [info] [playlist_10309322942_3] Mindchatter - Inch Off The Earth :: Getting tags.
2022-05-04T12:31:06.302Z [info] [playlist_10309322942_3] David Marston - Contortions :: Tags got.
2022-05-04T12:31:06.303Z [info] [playlist_10309322942_3] David Marston - Contortions :: Getting download URL.
2022-05-04T12:31:06.303Z [info] [playlist_10309322942_3] David Marston - Contortions :: Your account can't stream the track at the desired bitrate.
2022-05-04T12:31:06.303Z [info] [playlist_10309322942_3] Oliver Koletzki - Synesthesia :: Getting tags.
2022-05-04T12:31:06.628Z [info] [playlist_10309322942_3] Mindchatter - Inch Off The Earth :: Tags got.
2022-05-04T12:31:06.629Z [info] [playlist_10309322942_3] Mindchatter - Inch Off The Earth :: Getting download URL.
2022-05-04T12:31:06.629Z [info] [playlist_10309322942_3] Mindchatter - Inch Off The Earth :: Your account can't stream the track at the desired bitrate.
2022-05-04T12:31:06.629Z [info] [playlist_10309322942_3] TÂCHES - Rumba Tumba - TÂCHES Remix :: Getting tags.
2022-05-04T12:31:06.656Z [info] [playlist_10309322942_3] Loverground - Easy :) :: Tags got.
2022-05-04T12:31:06.656Z [info] [playlist_10309322942_3] Loverground - Easy :) :: Getting download URL.
2022-05-04T12:31:06.656Z [info] [playlist_10309322942_3] Loverground - Easy :) :: Your account can't stream the track at the desired bitrate.
2022-05-04T12:31:06.656Z [info] [playlist_10309322942_3] Get To Know - Sunshine :: Getting tags.
2022-05-04T12:31:07.111Z [info] [playlist_10309322942_3] Oliver Koletzki - Synesthesia :: Tags got.
2022-05-04T12:31:07.111Z [info] [playlist_10309322942_3] Oliver Koletzki - Synesthesia :: Getting download URL.
2022-05-04T12:31:07.111Z [info] [playlist_10309322942_3] Oliver Koletzki - Synesthesia :: Your account can't stream the track at the desired bitrate.
2022-05-04T12:31:07.111Z [info] [playlist_10309322942_3] Nick AM - Take It Back :: Getting tags.
2022-05-04T12:31:07.468Z [info] [playlist_10309322942_3] TÂCHES - Rumba Tumba - TÂCHES Remix :: Tags got.
2022-05-04T12:31:07.468Z [info] [playlist_10309322942_3] TÂCHES - Rumba Tumba - TÂCHES Remix :: Getting download URL.
2022-05-04T12:31:07.469Z [info] [playlist_10309322942_3] TÂCHES - Rumba Tumba - TÂCHES Remix :: Your account can't stream the track at the desired bitrate.
2022-05-04T12:31:07.469Z [info] [playlist_10309322942_3] Cannons - Fire for You :: Getting tags.
2022-05-04T12:31:07.473Z [info] [playlist_10309322942_3] Get To Know - Sunshine :: Tags got.
2022-05-04T12:31:07.473Z [info] [playlist_10309322942_3] Get To Know - Sunshine :: Getting download URL.
2022-05-04T12:31:07.473Z [info] [playlist_10309322942_3] Get To Know - Sunshine :: Your account can't stream the track at the desired bitrate.
2022-05-04T12:31:07.473Z [info] [playlist_10309322942_3] Surya Sen - Jessica (feat. LILO LI) :: Getting tags.
2022-05-04T12:31:07.617Z [info] [playlist_10309322942_3] Nick AM - Take It Back :: Tags got.
2022-05-04T12:31:07.617Z [info] [playlist_10309322942_3] Nick AM - Take It Back :: Getting download URL.
2022-05-04T12:31:07.618Z [info] [playlist_10309322942_3] Nick AM - Take It Back :: Your account can't stream the track at the desired bitrate.
2022-05-04T12:31:07.618Z [info] [playlist_10309322942_3] Surya Sen - Here We Go Again (feat. Fela.Mi) :: Getting tags.
2022-05-04T12:31:07.983Z [info] [playlist_10309322942_3] Surya Sen - Jessica (feat. LILO LI) :: Tags got.
2022-05-04T12:31:07.983Z [info] [playlist_10309322942_3] Surya Sen - Jessica (feat. LILO LI) :: Getting download URL.
2022-05-04T12:31:07.983Z [info] [playlist_10309322942_3] Surya Sen - Jessica (feat. LILO LI) :: Your account can't stream the track at the desired bitrate.
2022-05-04T12:31:07.984Z [info] [playlist_10309322942_3] Friedrich Liechtenstein - Elevator Man Reprise :: Getting tags.
2022-05-04T12:31:07.997Z [info] [playlist_10309322942_3] Cannons - Fire for You :: Tags got.
2022-05-04T12:31:07.998Z [info] [playlist_10309322942_3] Cannons - Fire for You :: Getting download URL.
2022-05-04T12:31:07.998Z [info] [playlist_10309322942_3] Cannons - Fire for You :: Your account can't stream the track at the desired bitrate.
2022-05-04T12:31:07.998Z [info] [playlist_10309322942_3] PRVNA - Believe (feat. KdotMelody) (Bruise Remix) :: Getting tags.
2022-05-04T12:31:08.134Z [info] [playlist_10309322942_3] Surya Sen - Here We Go Again (feat. Fela.Mi) :: Tags got.
2022-05-04T12:31:08.134Z [info] [playlist_10309322942_3] Surya Sen - Here We Go Again (feat. Fela.Mi) :: Getting download URL.
2022-05-04T12:31:08.135Z [info] [playlist_10309322942_3] Surya Sen - Here We Go Again (feat. Fela.Mi) :: Your account can't stream the track at the desired bitrate.
2022-05-04T12:31:08.135Z [info] [playlist_10309322942_3] Florence + The Machine - You've Got The Love (Jamie xx Rework) :: Getting tags.
2022-05-04T12:31:08.489Z [info] [playlist_10309322942_3] PRVNA - Believe (feat. KdotMelody) (Bruise Remix) :: Tags got.
2022-05-04T12:31:08.489Z [info] [playlist_10309322942_3] PRVNA - Believe (feat. KdotMelody) (Bruise Remix) :: Getting download URL.
2022-05-04T12:31:08.489Z [info] [playlist_10309322942_3] PRVNA - Believe (feat. KdotMelody) (Bruise Remix) :: Your account can't stream the track at the desired bitrate.
2022-05-04T12:31:08.489Z [info] [playlist_10309322942_3] Ekcle - Jindigo :: Getting tags.
2022-05-04T12:31:08.506Z [info] [playlist_10309322942_3] Friedrich Liechtenstein - Elevator Man Reprise :: Tags got.
2022-05-04T12:31:08.506Z [info] [playlist_10309322942_3] Friedrich Liechtenstein - Elevator Man Reprise :: Getting download URL.
2022-05-04T12:31:08.507Z [info] [playlist_10309322942_3] Friedrich Liechtenstein - Elevator Man Reprise :: Your account can't stream the track at the desired bitrate.
2022-05-04T12:31:08.507Z [info] [playlist_10309322942_3] Nick Schwenderling - In the Mood :: Getting tags.
2022-05-04T12:31:08.646Z [info] [playlist_10309322942_3] Florence + The Machine - You've Got The Love (Jamie xx Rework) :: Tags got.
2022-05-04T12:31:08.646Z [info] [playlist_10309322942_3] Florence + The Machine - You've Got The Love (Jamie xx Rework) :: Getting download URL.
2022-05-04T12:31:08.646Z [info] [playlist_10309322942_3] Florence + The Machine - You've Got The Love (Jamie xx Rework) :: Your account can't stream the track at the desired bitrate.
2022-05-04T12:31:08.647Z [info] [playlist_10309322942_3] Human Movement - Right Thang (feat. Eliot Porter) (TÂCHES Remix) :: Getting tags.
2022-05-04T12:31:08.996Z [info] [playlist_10309322942_3] Nick Schwenderling - In the Mood :: Tags got.
2022-05-04T12:31:08.996Z [info] [playlist_10309322942_3] Nick Schwenderling - In the Mood :: Getting download URL.
2022-05-04T12:31:08.996Z [info] [playlist_10309322942_3] Nick Schwenderling - In the Mood :: Your account can't stream the track at the desired bitrate.
2022-05-04T12:31:08.997Z [info] [playlist_10309322942_3] Alejandro Mosso - Parlante (TÂCHES Remix) :: Getting tags.
2022-05-04T12:31:09.005Z [info] [playlist_10309322942_3] Ekcle - Jindigo :: Tags got.
2022-05-04T12:31:09.005Z [info] [playlist_10309322942_3] Ekcle - Jindigo :: Getting download URL.
2022-05-04T12:31:09.005Z [info] [playlist_10309322942_3] Ekcle - Jindigo :: Your account can't stream the track at the desired bitrate.
2022-05-04T12:31:09.369Z [info] [playlist_10309322942_3] Human Movement - Right Thang (feat. Eliot Porter) (TÂCHES Remix) :: Tags got.
2022-05-04T12:31:09.369Z [info] [playlist_10309322942_3] Human Movement - Right Thang (feat. Eliot Porter) (TÂCHES Remix) :: Getting download URL.
2022-05-04T12:31:09.369Z [info] [playlist_10309322942_3] Human Movement - Right Thang (feat. Eliot Porter) (TÂCHES Remix) :: Your account can't stream the track at the desired bitrate.
2022-05-04T12:31:09.515Z [info] [playlist_10309322942_3] Alejandro Mosso - Parlante (TÂCHES Remix) :: Tags got.
2022-05-04T12:31:09.515Z [info] [playlist_10309322942_3] Alejandro Mosso - Parlante (TÂCHES Remix) :: Getting download URL.
2022-05-04T12:31:09.516Z [info] [playlist_10309322942_3] Download at 100%
2022-05-04T12:31:09.516Z [info] [playlist_10309322942_3] Alejandro Mosso - Parlante (TÂCHES Remix) :: Your account can't stream the track at the desired bitrate.
2022-05-04T12:31:09.517Z [info] [playlist_10309322942_3]
2022-05-04T12:31:09.517Z [info] [playlist_10309322942_3] Finished downloading
2022-05-04T12:31:09.518Z [info] 
